{"/Users/alessiofimognari/sandbox/alessio/gallery-app/src/components/Edit/Components.tsx": {"path":"/Users/alessiofimognari/sandbox/alessio/gallery-app/src/components/Edit/Components.tsx","statementMap":{"0":{"start":{"line":2,"column":0},"end":{"line":2,"column":37}},"1":{"start":{"line":5,"column":13},"end":{"line":27,"column":2}},"2":{"start":{"line":30,"column":13},"end":{"line":36,"column":2}},"3":{"start":{"line":39,"column":13},"end":{"line":43,"column":2}},"4":{"start":{"line":45,"column":13},"end":{"line":51,"column":2}},"5":{"start":{"line":54,"column":13},"end":{"line":57,"column":2}},"6":{"start":{"line":60,"column":13},"end":{"line":71,"column":2}},"7":{"start":{"line":74,"column":13},"end":{"line":86,"column":2}}},"fnMap":{},"branchMap":{"0":{"loc":{"start":{"line":5,"column":35},"end":{"line":27,"column":2}},"type":"binary-expr","locations":[{"start":{"line":5,"column":35},"end":{"line":5,"column":null}},{"start":{"line":5,"column":35},"end":{"line":27,"column":2}}]},"1":{"loc":{"start":{"line":30,"column":30},"end":{"line":36,"column":2}},"type":"binary-expr","locations":[{"start":{"line":30,"column":30},"end":{"line":30,"column":null}},{"start":{"line":30,"column":30},"end":{"line":36,"column":2}}]},"2":{"loc":{"start":{"line":39,"column":33},"end":{"line":43,"column":2}},"type":"binary-expr","locations":[{"start":{"line":39,"column":33},"end":{"line":39,"column":null}},{"start":{"line":39,"column":33},"end":{"line":43,"column":2}}]},"3":{"loc":{"start":{"line":45,"column":33},"end":{"line":51,"column":2}},"type":"binary-expr","locations":[{"start":{"line":45,"column":33},"end":{"line":45,"column":null}},{"start":{"line":45,"column":33},"end":{"line":51,"column":2}}]},"4":{"loc":{"start":{"line":54,"column":38},"end":{"line":57,"column":2}},"type":"binary-expr","locations":[{"start":{"line":54,"column":38},"end":{"line":54,"column":null}},{"start":{"line":54,"column":38},"end":{"line":57,"column":2}}]},"5":{"loc":{"start":{"line":60,"column":42},"end":{"line":71,"column":2}},"type":"binary-expr","locations":[{"start":{"line":60,"column":42},"end":{"line":60,"column":null}},{"start":{"line":60,"column":42},"end":{"line":71,"column":2}}]},"6":{"loc":{"start":{"line":74,"column":35},"end":{"line":86,"column":2}},"type":"binary-expr","locations":[{"start":{"line":74,"column":35},"end":{"line":74,"column":null}},{"start":{"line":74,"column":35},"end":{"line":86,"column":2}}]}},"s":{"0":2,"1":2,"2":2,"3":2,"4":2,"5":2,"6":2,"7":2},"f":{},"b":{"0":[2,2],"1":[2,2],"2":[2,2],"3":[2,2],"4":[2,2],"5":[2,2],"6":[2,2]}}
,"/Users/alessiofimognari/sandbox/alessio/gallery-app/src/components/Edit/EditLogic.ts": {"path":"/Users/alessiofimognari/sandbox/alessio/gallery-app/src/components/Edit/EditLogic.ts","statementMap":{"0":{"start":{"line":8,"column":13},"end":{"line":8,"column":102}},"1":{"start":{"line":10,"column":34},"end":{"line":12,"column":1}},"2":{"start":{"line":11,"column":2},"end":{"line":11,"column":74}},"3":{"start":{"line":10,"column":13},"end":{"line":10,"column":34}},"4":{"start":{"line":14,"column":36},"end":{"line":22,"column":1}},"5":{"start":{"line":15,"column":2},"end":{"line":21,"column":3}},"6":{"start":{"line":16,"column":17},"end":{"line":16,"column":65}},"7":{"start":{"line":17,"column":4},"end":{"line":17,"column":42}},"8":{"start":{"line":19,"column":4},"end":{"line":19,"column":25}},"9":{"start":{"line":20,"column":4},"end":{"line":20,"column":null}},"10":{"start":{"line":14,"column":13},"end":{"line":14,"column":36}}},"fnMap":{"0":{"name":"(anonymous_0)","decl":{"start":{"line":10,"column":34},"end":{"line":10,"column":35}},"loc":{"start":{"line":10,"column":68},"end":{"line":12,"column":1}}},"1":{"name":"(anonymous_1)","decl":{"start":{"line":14,"column":36},"end":{"line":14,"column":37}},"loc":{"start":{"line":14,"column":48},"end":{"line":22,"column":1}}}},"branchMap":{"0":{"loc":{"start":{"line":8,"column":36},"end":{"line":8,"column":101}},"type":"binary-expr","locations":[{"start":{"line":8,"column":36},"end":{"line":8,"column":82}},{"start":{"line":8,"column":86},"end":{"line":8,"column":101}}]},"1":{"loc":{"start":{"line":17,"column":11},"end":{"line":17,"column":41}},"type":"cond-expr","locations":[{"start":{"line":17,"column":18},"end":{"line":17,"column":34}},{"start":{"line":17,"column":37},"end":{"line":17,"column":41}}]}},"s":{"0":2,"1":2,"2":11,"3":2,"4":2,"5":8,"6":8,"7":8,"8":1,"9":1,"10":2},"f":{"0":11,"1":8},"b":{"0":[2,2],"1":[2,6]}}
,"/Users/alessiofimognari/sandbox/alessio/gallery-app/src/components/Edit/EditPage.tsx": {"path":"/Users/alessiofimognari/sandbox/alessio/gallery-app/src/components/Edit/EditPage.tsx","statementMap":{"0":{"start":{"line":1,"column":0},"end":{"line":1,"column":69}},"1":{"start":{"line":2,"column":0},"end":{"line":2,"column":71}},"2":{"start":{"line":3,"column":0},"end":{"line":3,"column":null}},"3":{"start":{"line":12,"column":0},"end":{"line":12,"column":null}},"4":{"start":{"line":18,"column":27},"end":{"line":122,"column":1}},"5":{"start":{"line":19,"column":22},"end":{"line":19,"column":55}},"6":{"start":{"line":20,"column":19},"end":{"line":20,"column":32}},"7":{"start":{"line":21,"column":19},"end":{"line":21,"column":32}},"8":{"start":{"line":22,"column":28},"end":{"line":22,"column":40}},"9":{"start":{"line":23,"column":34},"end":{"line":28,"column":4}},"10":{"start":{"line":24,"column":26},"end":{"line":24,"column":62}},"11":{"start":{"line":25,"column":4},"end":{"line":27,"column":63}},"12":{"start":{"line":23,"column":17},"end":{"line":23,"column":19}},"13":{"start":{"line":23,"column":30},"end":{"line":23,"column":34}},"14":{"start":{"line":30,"column":23},"end":{"line":33,"column":3}},"15":{"start":{"line":31,"column":4},"end":{"line":31,"column":26}},"16":{"start":{"line":32,"column":4},"end":{"line":32,"column":38}},"17":{"start":{"line":35,"column":2},"end":{"line":38,"column":16}},"18":{"start":{"line":36,"column":26},"end":{"line":36,"column":72}},"19":{"start":{"line":37,"column":4},"end":{"line":37,"column":50}},"20":{"start":{"line":37,"column":23},"end":{"line":37,"column":50}},"21":{"start":{"line":40,"column":2},"end":{"line":44,"column":26}},"22":{"start":{"line":41,"column":4},"end":{"line":43,"column":5}},"23":{"start":{"line":42,"column":6},"end":{"line":42,"column":44}},"24":{"start":{"line":46,"column":24},"end":{"line":55,"column":3}},"25":{"start":{"line":47,"column":4},"end":{"line":47,"column":28}},"26":{"start":{"line":47,"column":18},"end":{"line":47,"column":28}},"27":{"start":{"line":48,"column":19},"end":{"line":48,"column":21}},"28":{"start":{"line":49,"column":4},"end":{"line":49,"column":53}},"29":{"start":{"line":49,"column":28},"end":{"line":49,"column":53}},"30":{"start":{"line":50,"column":4},"end":{"line":50,"column":64}},"31":{"start":{"line":50,"column":27},"end":{"line":50,"column":64}},"32":{"start":{"line":51,"column":4},"end":{"line":54,"column":6}},"33":{"start":{"line":57,"column":23},"end":{"line":63,"column":3}},"34":{"start":{"line":58,"column":25},"end":{"line":58,"column":61}},"35":{"start":{"line":59,"column":27},"end":{"line":59,"column":53}},"36":{"start":{"line":62,"column":4},"end":{"line":62,"column":50}},"37":{"start":{"line":65,"column":2},"end":{"line":121,"column":4}},"38":{"start":{"line":76,"column":16},"end":{"line":76,"column":null}},"39":{"start":{"line":86,"column":16},"end":{"line":86,"column":null}},"40":{"start":{"line":97,"column":16},"end":{"line":97,"column":null}},"41":{"start":{"line":109,"column":16},"end":{"line":109,"column":null}},"42":{"start":{"line":124,"column":0},"end":{"line":124,"column":24}}},"fnMap":{"0":{"name":"(anonymous_2)","decl":{"start":{"line":18,"column":27},"end":{"line":18,"column":null}},"loc":{"start":{"line":18,"column":27},"end":{"line":122,"column":1}}},"1":{"name":"(anonymous_3)","decl":{"start":{"line":23,"column":43},"end":{"line":23,"column":null}},"loc":{"start":{"line":23,"column":43},"end":{"line":28,"column":3}}},"2":{"name":"(anonymous_4)","decl":{"start":{"line":30,"column":23},"end":{"line":30,"column":24}},"loc":{"start":{"line":30,"column":47},"end":{"line":33,"column":3}}},"3":{"name":"(anonymous_5)","decl":{"start":{"line":35,"column":12},"end":{"line":35,"column":null}},"loc":{"start":{"line":35,"column":12},"end":{"line":38,"column":3}}},"4":{"name":"(anonymous_6)","decl":{"start":{"line":40,"column":12},"end":{"line":40,"column":null}},"loc":{"start":{"line":40,"column":12},"end":{"line":44,"column":3}}},"5":{"name":"(anonymous_7)","decl":{"start":{"line":46,"column":24},"end":{"line":46,"column":null}},"loc":{"start":{"line":46,"column":24},"end":{"line":55,"column":3}}},"6":{"name":"(anonymous_8)","decl":{"start":{"line":57,"column":23},"end":{"line":57,"column":null}},"loc":{"start":{"line":57,"column":23},"end":{"line":63,"column":3}}},"7":{"name":"(anonymous_9)","decl":{"start":{"line":75,"column":24},"end":{"line":75,"column":25}},"loc":{"start":{"line":75,"column":26},"end":{"line":76,"column":28}}},"8":{"name":"(anonymous_10)","decl":{"start":{"line":85,"column":24},"end":{"line":85,"column":25}},"loc":{"start":{"line":85,"column":26},"end":{"line":86,"column":28}}},"9":{"name":"(anonymous_11)","decl":{"start":{"line":96,"column":24},"end":{"line":96,"column":25}},"loc":{"start":{"line":96,"column":26},"end":{"line":97,"column":28}}},"10":{"name":"(anonymous_12)","decl":{"start":{"line":108,"column":24},"end":{"line":108,"column":25}},"loc":{"start":{"line":108,"column":26},"end":{"line":109,"column":28}}}},"branchMap":{"0":{"loc":{"start":{"line":25,"column":11},"end":{"line":27,"column":62}},"type":"cond-expr","locations":[{"start":{"line":26,"column":8},"end":{"line":26,"column":33}},{"start":{"line":27,"column":8},"end":{"line":27,"column":62}}]},"1":{"loc":{"start":{"line":36,"column":26},"end":{"line":36,"column":72}},"type":"cond-expr","locations":[{"start":{"line":36,"column":36},"end":{"line":36,"column":65}},{"start":{"line":36,"column":68},"end":{"line":36,"column":72}}]},"2":{"loc":{"start":{"line":37,"column":4},"end":{"line":37,"column":50}},"type":"if","locations":[{"start":{"line":37,"column":4},"end":{"line":37,"column":50}}]},"3":{"loc":{"start":{"line":41,"column":4},"end":{"line":43,"column":5}},"type":"if","locations":[{"start":{"line":41,"column":4},"end":{"line":43,"column":5}}]},"4":{"loc":{"start":{"line":41,"column":8},"end":{"line":41,"column":45}},"type":"binary-expr","locations":[{"start":{"line":41,"column":8},"end":{"line":41,"column":15}},{"start":{"line":41,"column":19},"end":{"line":41,"column":45}}]},"5":{"loc":{"start":{"line":47,"column":4},"end":{"line":47,"column":28}},"type":"if","locations":[{"start":{"line":47,"column":4},"end":{"line":47,"column":28}}]},"6":{"loc":{"start":{"line":49,"column":4},"end":{"line":49,"column":53}},"type":"if","locations":[{"start":{"line":49,"column":4},"end":{"line":49,"column":53}}]},"7":{"loc":{"start":{"line":50,"column":4},"end":{"line":50,"column":64}},"type":"if","locations":[{"start":{"line":50,"column":4},"end":{"line":50,"column":64}}]},"8":{"loc":{"start":{"line":53,"column":7},"end":{"line":53,"column":50}},"type":"cond-expr","locations":[{"start":{"line":53,"column":23},"end":{"line":53,"column":45}},{"start":{"line":53,"column":48},"end":{"line":53,"column":50}}]},"9":{"loc":{"start":{"line":62,"column":25},"end":{"line":62,"column":46}},"type":"binary-expr","locations":[{"start":{"line":62,"column":25},"end":{"line":62,"column":39}},{"start":{"line":62,"column":43},"end":{"line":62,"column":46}}]}},"s":{"0":1,"1":1,"2":1,"3":1,"4":1,"5":13,"6":13,"7":13,"8":13,"9":13,"10":5,"11":5,"12":13,"13":13,"14":13,"15":8,"16":8,"17":13,"18":5,"19":5,"20":0,"21":13,"22":13,"23":8,"24":13,"25":26,"26":0,"27":26,"28":26,"29":16,"30":26,"31":24,"32":26,"33":13,"34":1,"35":1,"36":1,"37":13,"38":2,"39":2,"40":2,"41":2,"42":1},"f":{"0":13,"1":5,"2":8,"3":5,"4":13,"5":26,"6":1,"7":2,"8":2,"9":2,"10":2},"b":{"0":[4,1],"1":[5,0],"2":[0],"3":[8],"4":[13,13],"5":[0],"6":[16],"7":[24],"8":[24,2],"9":[1,0]}}
,"/Users/alessiofimognari/sandbox/alessio/gallery-app/src/components/Gallery/Components.tsx": {"path":"/Users/alessiofimognari/sandbox/alessio/gallery-app/src/components/Gallery/Components.tsx","statementMap":{"0":{"start":{"line":2,"column":0},"end":{"line":2,"column":37}},"1":{"start":{"line":5,"column":13},"end":{"line":9,"column":2}},"2":{"start":{"line":12,"column":13},"end":{"line":16,"column":2}},"3":{"start":{"line":19,"column":13},"end":{"line":32,"column":2}},"4":{"start":{"line":35,"column":13},"end":{"line":39,"column":2}},"5":{"start":{"line":42,"column":13},"end":{"line":50,"column":2}},"6":{"start":{"line":53,"column":13},"end":{"line":67,"column":2}},"7":{"start":{"line":70,"column":13},"end":{"line":91,"column":2}}},"fnMap":{},"branchMap":{"0":{"loc":{"start":{"line":5,"column":35},"end":{"line":9,"column":2}},"type":"binary-expr","locations":[{"start":{"line":5,"column":35},"end":{"line":5,"column":null}},{"start":{"line":5,"column":35},"end":{"line":9,"column":2}}]},"1":{"loc":{"start":{"line":12,"column":37},"end":{"line":16,"column":2}},"type":"binary-expr","locations":[{"start":{"line":12,"column":37},"end":{"line":12,"column":null}},{"start":{"line":12,"column":37},"end":{"line":16,"column":2}}]},"2":{"loc":{"start":{"line":19,"column":37},"end":{"line":32,"column":2}},"type":"binary-expr","locations":[{"start":{"line":19,"column":37},"end":{"line":19,"column":null}},{"start":{"line":19,"column":37},"end":{"line":32,"column":2}}]},"3":{"loc":{"start":{"line":35,"column":38},"end":{"line":39,"column":2}},"type":"binary-expr","locations":[{"start":{"line":35,"column":38},"end":{"line":35,"column":null}},{"start":{"line":35,"column":38},"end":{"line":39,"column":2}}]},"4":{"loc":{"start":{"line":42,"column":30},"end":{"line":50,"column":2}},"type":"binary-expr","locations":[{"start":{"line":42,"column":30},"end":{"line":42,"column":null}},{"start":{"line":42,"column":30},"end":{"line":50,"column":2}}]},"5":{"loc":{"start":{"line":53,"column":38},"end":{"line":67,"column":2}},"type":"binary-expr","locations":[{"start":{"line":53,"column":38},"end":{"line":53,"column":null}},{"start":{"line":53,"column":38},"end":{"line":67,"column":2}}]},"6":{"loc":{"start":{"line":70,"column":34},"end":{"line":91,"column":2}},"type":"binary-expr","locations":[{"start":{"line":70,"column":34},"end":{"line":70,"column":null}},{"start":{"line":70,"column":34},"end":{"line":91,"column":2}}]}},"s":{"0":2,"1":2,"2":2,"3":2,"4":2,"5":2,"6":2,"7":2},"f":{},"b":{"0":[2,2],"1":[2,2],"2":[2,2],"3":[2,2],"4":[2,2],"5":[2,2],"6":[2,2]}}
,"/Users/alessiofimognari/sandbox/alessio/gallery-app/src/components/Gallery/GalleryLogic.ts": {"path":"/Users/alessiofimognari/sandbox/alessio/gallery-app/src/components/Gallery/GalleryLogic.ts","statementMap":{"0":{"start":{"line":1,"column":0},"end":{"line":1,"column":79}},"1":{"start":{"line":18,"column":27},"end":{"line":38,"column":2}},"2":{"start":{"line":19,"column":2},"end":{"line":19,"column":11}},"3":{"start":{"line":19,"column":11},"end":{"line":19,"column":null}},"4":{"start":{"line":21,"column":8},"end":{"line":21,"column":19}},"5":{"start":{"line":22,"column":19},"end":{"line":24,"column":null}},"6":{"start":{"line":22,"column":8},"end":{"line":24,"column":null}},"7":{"start":{"line":27,"column":2},"end":{"line":29,"column":3}},"8":{"start":{"line":28,"column":4},"end":{"line":28,"column":46}},"9":{"start":{"line":31,"column":28},"end":{"line":31,"column":null}},"10":{"start":{"line":31,"column":8},"end":{"line":31,"column":null}},"11":{"start":{"line":33,"column":2},"end":{"line":37,"column":4}},"12":{"start":{"line":18,"column":13},"end":{"line":18,"column":27}},"13":{"start":{"line":41,"column":31},"end":{"line":49,"column":1}},"14":{"start":{"line":42,"column":2},"end":{"line":48,"column":5}},"15":{"start":{"line":47,"column":6},"end":{"line":47,"column":56}},"16":{"start":{"line":41,"column":13},"end":{"line":41,"column":31}},"17":{"start":{"line":51,"column":43},"end":{"line":56,"column":1}},"18":{"start":{"line":52,"column":19},"end":{"line":52,"column":33}},"19":{"start":{"line":53,"column":2},"end":{"line":53,"column":40}},"20":{"start":{"line":54,"column":2},"end":{"line":54,"column":40}},"21":{"start":{"line":55,"column":2},"end":{"line":55,"column":28}},"22":{"start":{"line":51,"column":13},"end":{"line":51,"column":43}}},"fnMap":{"0":{"name":"(anonymous_13)","decl":{"start":{"line":18,"column":27},"end":{"line":18,"column":34}},"loc":{"start":{"line":18,"column":27},"end":{"line":38,"column":2}}},"1":{"name":"(anonymous_16)","decl":{"start":{"line":41,"column":31},"end":{"line":41,"column":null}},"loc":{"start":{"line":41,"column":31},"end":{"line":49,"column":1}}},"2":{"name":"(anonymous_17)","decl":{"start":{"line":46,"column":22},"end":{"line":46,"column":23}},"loc":{"start":{"line":46,"column":31},"end":{"line":47,"column":14}}},"3":{"name":"(anonymous_18)","decl":{"start":{"line":51,"column":43},"end":{"line":51,"column":44}},"loc":{"start":{"line":51,"column":55},"end":{"line":56,"column":1}}}},"branchMap":{"0":{"loc":{"start":{"line":19,"column":11},"end":{"line":19,"column":null}},"type":"cond-expr","locations":[{"start":{"line":19,"column":14},"end":{"line":19,"column":15}},{"start":{"line":19,"column":15},"end":{"line":19,"column":null}}]},"1":{"loc":{"start":{"line":27,"column":2},"end":{"line":29,"column":3}},"type":"if","locations":[{"start":{"line":27,"column":2},"end":{"line":29,"column":3}}]},"2":{"loc":{"start":{"line":47,"column":6},"end":{"line":47,"column":54}},"type":"cond-expr","locations":[{"start":{"line":47,"column":25},"end":{"line":47,"column":42}},{"start":{"line":47,"column":45},"end":{"line":47,"column":54}}]}},"s":{"0":1,"1":4,"2":3,"3":3,"4":3,"5":3,"6":3,"7":3,"8":1,"9":2,"10":2,"11":2,"12":1,"13":1,"14":2,"15":3,"16":1,"17":1,"18":1,"19":1,"20":1,"21":1,"22":1},"f":{"0":6,"1":2,"2":3,"3":1},"b":{"0":[0,3],"1":[1],"2":[3,0]}}
,"/Users/alessiofimognari/sandbox/alessio/gallery-app/src/components/Gallery/GalleryPage.tsx": {"path":"/Users/alessiofimognari/sandbox/alessio/gallery-app/src/components/Gallery/GalleryPage.tsx","statementMap":{"0":{"start":{"line":1,"column":0},"end":{"line":1,"column":55}},"1":{"start":{"line":2,"column":0},"end":{"line":2,"column":60}},"2":{"start":{"line":3,"column":0},"end":{"line":3,"column":null}},"3":{"start":{"line":8,"column":0},"end":{"line":8,"column":null}},"4":{"start":{"line":17,"column":0},"end":{"line":17,"column":62}},"5":{"start":{"line":19,"column":30},"end":{"line":99,"column":1}},"6":{"start":{"line":20,"column":19},"end":{"line":20,"column":32}},"7":{"start":{"line":21,"column":19},"end":{"line":21,"column":32}},"8":{"start":{"line":22,"column":22},"end":{"line":22,"column":44}},"9":{"start":{"line":32,"column":6},"end":{"line":32,"column":23}},"10":{"start":{"line":26,"column":8},"end":{"line":26,"column":null}},"11":{"start":{"line":27,"column":17},"end":{"line":27,"column":null}},"12":{"start":{"line":28,"column":15},"end":{"line":28,"column":null}},"13":{"start":{"line":29,"column":22},"end":{"line":29,"column":null}},"14":{"start":{"line":30,"column":13},"end":{"line":30,"column":null}},"15":{"start":{"line":31,"column":11},"end":{"line":31,"column":null}},"16":{"start":{"line":35,"column":30},"end":{"line":35,"column":78}},"17":{"start":{"line":35,"column":60},"end":{"line":35,"column":72}},"18":{"start":{"line":38,"column":22},"end":{"line":38,"column":71}},"19":{"start":{"line":41,"column":2},"end":{"line":49,"column":30}},"20":{"start":{"line":42,"column":25},"end":{"line":42,"column":61}},"21":{"start":{"line":43,"column":32},"end":{"line":43,"column":58}},"22":{"start":{"line":45,"column":4},"end":{"line":48,"column":5}},"23":{"start":{"line":46,"column":6},"end":{"line":46,"column":60}},"24":{"start":{"line":47,"column":6},"end":{"line":47,"column":33}},"25":{"start":{"line":52,"column":27},"end":{"line":58,"column":3}},"26":{"start":{"line":53,"column":27},"end":{"line":53,"column":41}},"27":{"start":{"line":54,"column":28},"end":{"line":54,"column":64}},"28":{"start":{"line":55,"column":4},"end":{"line":55,"column":58}},"29":{"start":{"line":57,"column":4},"end":{"line":57,"column":63}},"30":{"start":{"line":60,"column":2},"end":{"line":98,"column":4}},"31":{"start":{"line":65,"column":54},"end":{"line":67,"column":12}},"32":{"start":{"line":76,"column":29},"end":{"line":85,"column":10}},"33":{"start":{"line":77,"column":51},"end":{"line":77,"column":null}},"34":{"start":{"line":101,"column":0},"end":{"line":101,"column":27}}},"fnMap":{"0":{"name":"(anonymous_0)","decl":{"start":{"line":19,"column":30},"end":{"line":19,"column":null}},"loc":{"start":{"line":19,"column":30},"end":{"line":99,"column":1}}},"1":{"name":"(anonymous_1)","decl":{"start":{"line":35,"column":50},"end":{"line":35,"column":51}},"loc":{"start":{"line":35,"column":55},"end":{"line":35,"column":64}}},"2":{"name":"(anonymous_2)","decl":{"start":{"line":41,"column":18},"end":{"line":41,"column":null}},"loc":{"start":{"line":41,"column":18},"end":{"line":49,"column":3}}},"3":{"name":"(anonymous_3)","decl":{"start":{"line":52,"column":27},"end":{"line":52,"column":28}},"loc":{"start":{"line":52,"column":43},"end":{"line":58,"column":3}}},"4":{"name":"(anonymous_4)","decl":{"start":{"line":65,"column":42},"end":{"line":65,"column":43}},"loc":{"start":{"line":65,"column":49},"end":{"line":65,"column":null}}},"5":{"name":"(anonymous_5)","decl":{"start":{"line":76,"column":20},"end":{"line":76,"column":21}},"loc":{"start":{"line":76,"column":24},"end":{"line":76,"column":null}}},"6":{"name":"(anonymous_6)","decl":{"start":{"line":77,"column":45},"end":{"line":77,"column":51}},"loc":{"start":{"line":77,"column":45},"end":{"line":77,"column":67}}}},"branchMap":{"0":{"loc":{"start":{"line":35,"column":30},"end":{"line":35,"column":78}},"type":"binary-expr","locations":[{"start":{"line":35,"column":30},"end":{"line":35,"column":72}},{"start":{"line":35,"column":76},"end":{"line":35,"column":78}}]},"1":{"loc":{"start":{"line":35,"column":30},"end":{"line":35,"column":72}},"type":"cond-expr","locations":[{"start":{"line":35,"column":34},"end":{"line":35,"column":36}},{"start":{"line":35,"column":30},"end":{"line":35,"column":72}}]},"2":{"loc":{"start":{"line":35,"column":30},"end":{"line":35,"column":36}},"type":"binary-expr","locations":[{"start":{"line":35,"column":30},"end":{"line":35,"column":36}},{"start":{"line":35,"column":30},"end":{"line":35,"column":36}}]},"3":{"loc":{"start":{"line":45,"column":4},"end":{"line":48,"column":5}},"type":"if","locations":[{"start":{"line":45,"column":4},"end":{"line":48,"column":5}}]},"4":{"loc":{"start":{"line":45,"column":8},"end":{"line":45,"column":59}},"type":"binary-expr","locations":[{"start":{"line":45,"column":8},"end":{"line":45,"column":27}},{"start":{"line":45,"column":31},"end":{"line":45,"column":35}},{"start":{"line":45,"column":39},"end":{"line":45,"column":59}}]},"5":{"loc":{"start":{"line":63,"column":7},"end":{"line":68,"column":null}},"type":"binary-expr","locations":[{"start":{"line":63,"column":7},"end":{"line":63,"column":16}},{"start":{"line":64,"column":8},"end":{"line":67,"column":null}}]},"6":{"loc":{"start":{"line":72,"column":7},"end":{"line":72,"column":63}},"type":"binary-expr","locations":[{"start":{"line":72,"column":7},"end":{"line":72,"column":14}},{"start":{"line":72,"column":18},"end":{"line":72,"column":63}}]},"7":{"loc":{"start":{"line":89,"column":7},"end":{"line":92,"column":null}},"type":"binary-expr","locations":[{"start":{"line":89,"column":7},"end":{"line":89,"column":18}},{"start":{"line":89,"column":22},"end":{"line":89,"column":32}},{"start":{"line":90,"column":8},"end":{"line":91,"column":null}}]},"8":{"loc":{"start":{"line":91,"column":11},"end":{"line":91,"column":78}},"type":"cond-expr","locations":[{"start":{"line":91,"column":32},"end":{"line":91,"column":49}},{"start":{"line":91,"column":52},"end":{"line":91,"column":78}}]},"9":{"loc":{"start":{"line":96,"column":7},"end":{"line":96,"column":67}},"type":"binary-expr","locations":[{"start":{"line":96,"column":7},"end":{"line":96,"column":19}},{"start":{"line":96,"column":23},"end":{"line":96,"column":67}}]}},"s":{"0":1,"1":1,"2":1,"3":1,"4":1,"5":1,"6":6,"7":6,"8":6,"9":6,"10":6,"11":6,"12":6,"13":6,"14":6,"15":6,"16":6,"17":3,"18":6,"19":6,"20":6,"21":6,"22":6,"23":3,"24":3,"25":6,"26":1,"27":1,"28":1,"29":1,"30":6,"31":12,"32":4,"33":1,"34":1},"f":{"0":6,"1":3,"2":6,"3":1,"4":12,"5":4,"6":1},"b":{"0":[6,3],"1":[3,3],"2":[6,6],"3":[3],"4":[6,6,3],"5":[6,1],"6":[6,1],"7":[6,1,1],"8":[0,1],"9":[6,5]}}
,"/Users/alessiofimognari/sandbox/alessio/gallery-app/src/components/Gallery/hooks/useInfiniteScroll.tsx": {"path":"/Users/alessiofimognari/sandbox/alessio/gallery-app/src/components/Gallery/hooks/useInfiniteScroll.tsx","statementMap":{"0":{"start":{"line":1,"column":0},"end":{"line":1,"column":42}},"1":{"start":{"line":9,"column":33},"end":{"line":41,"column":1}},"2":{"start":{"line":10,"column":15},"end":{"line":10,"column":null}},"3":{"start":{"line":11,"column":13},"end":{"line":11,"column":null}},"4":{"start":{"line":12,"column":2},"end":{"line":12,"column":12}},"5":{"start":{"line":12,"column":12},"end":{"line":12,"column":null}},"6":{"start":{"line":14,"column":22},"end":{"line":14,"column":57}},"7":{"start":{"line":16,"column":2},"end":{"line":38,"column":47}},"8":{"start":{"line":17,"column":4},"end":{"line":17,"column":29}},"9":{"start":{"line":17,"column":22},"end":{"line":17,"column":29}},"10":{"start":{"line":19,"column":21},"end":{"line":27,"column":6}},"11":{"start":{"line":21,"column":24},"end":{"line":21,"column":32}},"12":{"start":{"line":22,"column":8},"end":{"line":24,"column":9}},"13":{"start":{"line":23,"column":10},"end":{"line":23,"column":26}},"14":{"start":{"line":29,"column":4},"end":{"line":31,"column":5}},"15":{"start":{"line":30,"column":6},"end":{"line":30,"column":44}},"16":{"start":{"line":33,"column":4},"end":{"line":37,"column":6}},"17":{"start":{"line":34,"column":6},"end":{"line":36,"column":7}},"18":{"start":{"line":35,"column":8},"end":{"line":35,"column":48}},"19":{"start":{"line":40,"column":2},"end":{"line":40,"column":21}},"20":{"start":{"line":9,"column":13},"end":{"line":9,"column":33}},"21":{"start":{"line":43,"column":0},"end":{"line":43,"column":33}}},"fnMap":{"0":{"name":"(anonymous_0)","decl":{"start":{"line":9,"column":33},"end":{"line":9,"column":34}},"loc":{"start":{"line":13,"column":27},"end":{"line":41,"column":1}}},"1":{"name":"(anonymous_1)","decl":{"start":{"line":16,"column":12},"end":{"line":16,"column":null}},"loc":{"start":{"line":16,"column":12},"end":{"line":38,"column":3}}},"2":{"name":"(anonymous_2)","decl":{"start":{"line":20,"column":6},"end":{"line":20,"column":7}},"loc":{"start":{"line":20,"column":14},"end":{"line":25,"column":7}}},"3":{"name":"(anonymous_3)","decl":{"start":{"line":33,"column":11},"end":{"line":33,"column":null}},"loc":{"start":{"line":33,"column":11},"end":{"line":37,"column":5}}}},"branchMap":{"0":{"loc":{"start":{"line":12,"column":12},"end":{"line":12,"column":null}},"type":"cond-expr","locations":[{"start":{"line":12,"column":15},"end":{"line":12,"column":22}},{"start":{"line":12,"column":22},"end":{"line":12,"column":null}}]},"1":{"loc":{"start":{"line":17,"column":4},"end":{"line":17,"column":29}},"type":"if","locations":[{"start":{"line":17,"column":4},"end":{"line":17,"column":29}}]},"2":{"loc":{"start":{"line":22,"column":8},"end":{"line":24,"column":9}},"type":"if","locations":[{"start":{"line":22,"column":8},"end":{"line":24,"column":9}}]},"3":{"loc":{"start":{"line":29,"column":4},"end":{"line":31,"column":5}},"type":"if","locations":[{"start":{"line":29,"column":4},"end":{"line":31,"column":5}}]},"4":{"loc":{"start":{"line":34,"column":6},"end":{"line":36,"column":7}},"type":"if","locations":[{"start":{"line":34,"column":6},"end":{"line":36,"column":7}}]}},"s":{"0":2,"1":2,"2":10,"3":10,"4":10,"5":10,"6":10,"7":10,"8":10,"9":6,"10":4,"11":3,"12":3,"13":2,"14":4,"15":1,"16":4,"17":4,"18":1,"19":10,"20":2,"21":2},"f":{"0":10,"1":10,"2":3,"3":4},"b":{"0":[10,0],"1":[6],"2":[2],"3":[1],"4":[1]}}
}
