TN:
SF:src/components/Edit/Components.tsx
FNF:0
FNH:0
DA:2,2
DA:5,2
DA:30,2
DA:39,2
DA:45,2
DA:54,2
DA:60,2
DA:74,2
LF:8
LH:8
BRDA:5,0,0,2
BRDA:5,0,1,2
BRDA:30,1,0,2
BRDA:30,1,1,2
BRDA:39,2,0,2
BRDA:39,2,1,2
BRDA:45,3,0,2
BRDA:45,3,1,2
BRDA:54,4,0,2
BRDA:54,4,1,2
BRDA:60,5,0,2
BRDA:60,5,1,2
BRDA:74,6,0,2
BRDA:74,6,1,2
BRF:14
BRH:14
end_of_record
TN:
SF:src/components/Edit/EditLogic.ts
FN:10,(anonymous_0)
FN:14,(anonymous_1)
FNF:2
FNH:2
FNDA:11,(anonymous_0)
FNDA:8,(anonymous_1)
DA:8,2
DA:10,2
DA:11,11
DA:14,2
DA:15,8
DA:16,8
DA:17,8
DA:19,1
DA:20,1
LF:9
LH:9
BRDA:8,0,0,2
BRDA:8,0,1,2
BRDA:17,1,0,2
BRDA:17,1,1,6
BRF:4
BRH:4
end_of_record
TN:
SF:src/components/Edit/EditPage.tsx
FN:18,(anonymous_2)
FN:23,(anonymous_3)
FN:30,(anonymous_4)
FN:35,(anonymous_5)
FN:40,(anonymous_6)
FN:46,(anonymous_7)
FN:57,(anonymous_8)
FN:75,(anonymous_9)
FN:85,(anonymous_10)
FN:96,(anonymous_11)
FN:108,(anonymous_12)
FNF:11
FNH:11
FNDA:13,(anonymous_2)
FNDA:5,(anonymous_3)
FNDA:8,(anonymous_4)
FNDA:5,(anonymous_5)
FNDA:13,(anonymous_6)
FNDA:26,(anonymous_7)
FNDA:1,(anonymous_8)
FNDA:2,(anonymous_9)
FNDA:2,(anonymous_10)
FNDA:2,(anonymous_11)
FNDA:2,(anonymous_12)
DA:1,1
DA:2,1
DA:3,1
DA:12,1
DA:18,1
DA:19,13
DA:20,13
DA:21,13
DA:22,13
DA:23,13
DA:24,5
DA:25,5
DA:30,13
DA:31,8
DA:32,8
DA:35,13
DA:36,5
DA:37,5
DA:40,13
DA:41,13
DA:42,8
DA:46,13
DA:47,26
DA:48,26
DA:49,26
DA:50,26
DA:51,26
DA:57,13
DA:58,1
DA:59,1
DA:62,1
DA:65,13
DA:76,2
DA:86,2
DA:97,2
DA:109,2
DA:124,1
LF:37
LH:37
BRDA:25,0,0,4
BRDA:25,0,1,1
BRDA:36,1,0,5
BRDA:36,1,1,0
BRDA:37,2,0,0
BRDA:41,3,0,8
BRDA:41,4,0,13
BRDA:41,4,1,13
BRDA:47,5,0,0
BRDA:49,6,0,16
BRDA:50,7,0,24
BRDA:53,8,0,24
BRDA:53,8,1,2
BRDA:62,9,0,1
BRDA:62,9,1,0
BRF:15
BRH:11
end_of_record
TN:
SF:src/components/Gallery/Components.tsx
FNF:0
FNH:0
DA:2,2
DA:5,2
DA:12,2
DA:19,2
DA:35,2
DA:42,2
DA:53,2
DA:70,2
LF:8
LH:8
BRDA:5,0,0,2
BRDA:5,0,1,2
BRDA:12,1,0,2
BRDA:12,1,1,2
BRDA:19,2,0,2
BRDA:19,2,1,2
BRDA:35,3,0,2
BRDA:35,3,1,2
BRDA:42,4,0,2
BRDA:42,4,1,2
BRDA:53,5,0,2
BRDA:53,5,1,2
BRDA:70,6,0,2
BRDA:70,6,1,2
BRF:14
BRH:14
end_of_record
TN:
SF:src/components/Gallery/GalleryLogic.ts
FN:18,(anonymous_13)
FN:41,(anonymous_16)
FN:46,(anonymous_17)
FN:51,(anonymous_18)
FNF:4
FNH:4
FNDA:6,(anonymous_13)
FNDA:2,(anonymous_16)
FNDA:3,(anonymous_17)
FNDA:1,(anonymous_18)
DA:1,1
DA:18,4
DA:19,3
DA:21,3
DA:22,3
DA:27,3
DA:28,1
DA:31,2
DA:33,2
DA:41,1
DA:42,2
DA:47,3
DA:51,1
DA:52,1
DA:53,1
DA:54,1
DA:55,1
LF:17
LH:17
BRDA:19,0,0,0
BRDA:19,0,1,3
BRDA:27,1,0,1
BRDA:47,2,0,3
BRDA:47,2,1,0
BRF:5
BRH:3
end_of_record
TN:
SF:src/components/Gallery/GalleryPage.tsx
FN:19,(anonymous_0)
FN:35,(anonymous_1)
FN:41,(anonymous_2)
FN:52,(anonymous_3)
FN:65,(anonymous_4)
FN:76,(anonymous_5)
FN:77,(anonymous_6)
FNF:7
FNH:7
FNDA:6,(anonymous_0)
FNDA:3,(anonymous_1)
FNDA:6,(anonymous_2)
FNDA:1,(anonymous_3)
FNDA:12,(anonymous_4)
FNDA:4,(anonymous_5)
FNDA:1,(anonymous_6)
DA:1,1
DA:2,1
DA:3,1
DA:8,1
DA:17,1
DA:19,1
DA:20,6
DA:21,6
DA:22,6
DA:26,6
DA:27,6
DA:28,6
DA:29,6
DA:30,6
DA:31,6
DA:32,6
DA:35,6
DA:38,6
DA:41,6
DA:42,6
DA:43,6
DA:45,6
DA:46,3
DA:47,3
DA:52,6
DA:53,1
DA:54,1
DA:55,1
DA:57,1
DA:60,6
DA:65,12
DA:76,4
DA:77,1
DA:101,1
LF:34
LH:34
BRDA:35,0,0,6
BRDA:35,0,1,3
BRDA:35,1,0,3
BRDA:35,1,1,3
BRDA:35,2,0,6
BRDA:35,2,1,6
BRDA:45,3,0,3
BRDA:45,4,0,6
BRDA:45,4,1,6
BRDA:45,4,2,3
BRDA:63,5,0,6
BRDA:63,5,1,1
BRDA:72,6,0,6
BRDA:72,6,1,1
BRDA:89,7,0,6
BRDA:89,7,1,1
BRDA:89,7,2,1
BRDA:91,8,0,0
BRDA:91,8,1,1
BRDA:96,9,0,6
BRDA:96,9,1,5
BRF:21
BRH:20
end_of_record
TN:
SF:src/components/Gallery/hooks/useInfiniteScroll.tsx
FN:9,(anonymous_0)
FN:16,(anonymous_1)
FN:20,(anonymous_2)
FN:33,(anonymous_3)
FNF:4
FNH:4
FNDA:10,(anonymous_0)
FNDA:10,(anonymous_1)
FNDA:3,(anonymous_2)
FNDA:4,(anonymous_3)
DA:1,2
DA:9,2
DA:10,10
DA:11,10
DA:12,10
DA:14,10
DA:16,10
DA:17,10
DA:19,4
DA:21,3
DA:22,3
DA:23,2
DA:29,4
DA:30,1
DA:33,4
DA:34,4
DA:35,1
DA:40,10
DA:43,2
LF:19
LH:19
BRDA:12,0,0,10
BRDA:12,0,1,0
BRDA:17,1,0,6
BRDA:22,2,0,2
BRDA:29,3,0,1
BRDA:34,4,0,1
BRF:6
BRH:5
end_of_record
